<?xml version="1.0" encoding="UTF-8" ?>
<testsuite failures="0" time="0.034" errors="0" skipped="0" tests="1" name="org.reinert.experiments.AppTest">
  <properties>
    <property name="java.runtime.name" value="Java(TM) SE Runtime Environment"/>
    <property name="sun.boot.library.path" value="C:\Users\kb51\Java\jdk1.7.0_07\jre\bin"/>
    <property name="java.vm.version" value="23.3-b01"/>
    <property name="java.vm.vendor" value="Oracle Corporation"/>
    <property name="java.vendor.url" value="http://java.oracle.com/"/>
    <property name="path.separator" value=";"/>
    <property name="guice.disable.misplaced.annotation.check" value="true"/>
    <property name="java.vm.name" value="Java HotSpot(TM) 64-Bit Server VM"/>
    <property name="file.encoding.pkg" value="sun.io"/>
    <property name="user.script" value=""/>
    <property name="user.country" value="BR"/>
    <property name="sun.java.launcher" value="SUN_STANDARD"/>
    <property name="sun.os.patch.level" value="Service Pack 1"/>
    <property name="java.vm.specification.name" value="Java Virtual Machine Specification"/>
    <property name="user.dir" value="C:\Users\kb51\Documents\GitHub\Bean2JsonSchema"/>
    <property name="java.runtime.version" value="1.7.0_07-b11"/>
    <property name="java.awt.graphicsenv" value="sun.awt.Win32GraphicsEnvironment"/>
    <property name="java.endorsed.dirs" value="C:\Users\kb51\Java\jdk1.7.0_07\jre\lib\endorsed"/>
    <property name="os.arch" value="amd64"/>
    <property name="java.io.tmpdir" value="C:\Users\kb51\AppData\Local\Temp\"/>
    <property name="line.separator" value="
"/>
    <property name="java.vm.specification.vendor" value="Oracle Corporation"/>
    <property name="user.variant" value=""/>
    <property name="os.name" value="Windows 7"/>
    <property name="classworlds.conf" value="D:\documents and settings\kb51\workspace\.metadata\.plugins\org.eclipse.m2e.core\launches\m2conf4276632833161903763.tmp"/>
    <property name="sun.jnu.encoding" value="Cp1252"/>
    <property name="java.library.path" value="C:\Users\kb51\Java\jdk1.7.0_07\jre\bin;C:\WINDOWS\Sun\Java\bin;C:\WINDOWS\system32;C:\WINDOWS;C:/Program Files (x86)/Java/jre6/bin/client;C:/Program Files (x86)/Java/jre6/bin;C:/Program Files (x86)/Java/jre6/lib/i386;C:\WINDOWS\system32;C:\WINDOWS;C:\WINDOWS\System32\Wbem;C:\WINDOWS\System32\WindowsPowerShell\v1.0\;C:\Program Files\Codec Pack TIC x64\QuickTime Alternative\QTSystem;C:\Program Files (x86)\Microsoft Application Virtualization Client;C:\Program Files\Aladdin\eToken\PKIClient\x32;C:\Program Files\Aladdin\eToken\PKIClient\x64;C:\Program Files (x86)\Mozilla Firefox;C:\WINDOWS\system32;C:\WINDOWS;C:\WINDOWS\System32\Wbem;C:\WINDOWS\System32\WindowsPowerShell\v1.0\;C:\Program Files\Codec Pack TIC x64\QuickTime Alternative\QTSystem;C:\Program Files (x86)\Microsoft Application Virtualization Client;C:\Program Files\Aladdin\eToken\PKIClient\x32;C:\Program Files\Aladdin\eToken\PKIClient\x64;C:\Users\kb51\Programas\eclipse;;."/>
    <property name="java.specification.name" value="Java Platform API Specification"/>
    <property name="java.class.version" value="51.0"/>
    <property name="sun.management.compiler" value="HotSpot 64-Bit Tiered Compilers"/>
    <property name="os.version" value="6.1"/>
    <property name="user.home" value="C:\Users\kb51"/>
    <property name="user.timezone" value="GMT-03:00"/>
    <property name="java.awt.printerjob" value="sun.awt.windows.WPrinterJob"/>
    <property name="java.specification.version" value="1.7"/>
    <property name="file.encoding" value="Cp1252"/>
    <property name="user.name" value="KB51"/>
    <property name="java.class.path" value="/C:/Users/kb51/Programas/eclipse/configuration/org.eclipse.osgi/bundles/899/2/.cp/jars/plexus-classworlds-2.4.jar"/>
    <property name="java.vm.specification.version" value="1.7"/>
    <property name="sun.arch.data.model" value="64"/>
    <property name="java.home" value="C:\Users\kb51\Java\jdk1.7.0_07\jre"/>
    <property name="sun.java.command" value="org.codehaus.plexus.classworlds.launcher.Launcher -B install"/>
    <property name="java.specification.vendor" value="Oracle Corporation"/>
    <property name="user.language" value="pt"/>
    <property name="awt.toolkit" value="sun.awt.windows.WToolkit"/>
    <property name="java.vm.info" value="mixed mode"/>
    <property name="java.version" value="1.7.0_07"/>
    <property name="java.ext.dirs" value="C:\Users\kb51\Java\jdk1.7.0_07\jre\lib\ext;C:\WINDOWS\Sun\Java\lib\ext"/>
    <property name="sun.boot.class.path" value="C:\Users\kb51\Java\jdk1.7.0_07\jre\lib\resources.jar;C:\Users\kb51\Java\jdk1.7.0_07\jre\lib\rt.jar;C:\Users\kb51\Java\jdk1.7.0_07\jre\lib\sunrsasign.jar;C:\Users\kb51\Java\jdk1.7.0_07\jre\lib\jsse.jar;C:\Users\kb51\Java\jdk1.7.0_07\jre\lib\jce.jar;C:\Users\kb51\Java\jdk1.7.0_07\jre\lib\charsets.jar;C:\Users\kb51\Java\jdk1.7.0_07\jre\lib\jfr.jar;C:\Users\kb51\Java\jdk1.7.0_07\jre\classes"/>
    <property name="java.vendor" value="Oracle Corporation"/>
    <property name="maven.home" value="C:\Users\kb51\Documents\GitHub\Bean2JsonSchema\EMBEDDED"/>
    <property name="file.separator" value="\"/>
    <property name="java.vendor.url.bug" value="http://bugreport.sun.com/bugreport/"/>
    <property name="sun.cpu.endian" value="little"/>
    <property name="sun.io.unicode.encoding" value="UnicodeLittle"/>
    <property name="sun.desktop" value="windows"/>
    <property name="sun.cpu.isalist" value="amd64"/>
  </properties>
  <testcase time="0" classname="org.reinert.experiments.AppTest" name="testApp"/>
</testsuite>